<?xml version="1.0" encoding="UTF-8"?>
<!-- Generated by org.testng.reporters.JUnitXMLReporter -->
<testsuite hostname="SYNHYDLT-202" name="chromeTest" tests="1" failures="1" timestamp="9 Aug 2019 04:18:55 GMT" time="7.474" errors="0">
  <testcase name="tC01_verifyLoginFunctionality" time="0.135" classname="testscripts.Module3">
    <failure type="org.testng.TestNGException" message="
The data provider is trying to pass 1 parameters but the method testscripts.Module3#tC01_verifyLoginFunctionality takes 0">
      <![CDATA[org.testng.TestNGException: 
The data provider is trying to pass 1 parameters but the method testscripts.Module3#tC01_verifyLoginFunctionality takes 0
	at org.apache.maven.surefire.testng.TestNGExecutor.run(TestNGExecutor.java:283)
	at org.apache.maven.surefire.testng.TestNGXmlTestSuite.execute(TestNGXmlTestSuite.java:75)
	at org.apache.maven.surefire.testng.TestNGProvider.invoke(TestNGProvider.java:120)
	at org.apache.maven.surefire.booter.ForkedBooter.invokeProviderInSameClassLoader(ForkedBooter.java:384)
	at org.apache.maven.surefire.booter.ForkedBooter.runSuitesInProcess(ForkedBooter.java:345)
	at org.apache.maven.surefire.booter.ForkedBooter.execute(ForkedBooter.java:126)
	at org.apache.maven.surefire.booter.ForkedBooter.main(ForkedBooter.java:418)
... Removed 15 stack frames]]>
    </failure>
  </testcase> <!-- tC01_verifyLoginFunctionality -->
</testsuite> <!-- chromeTest -->
